mode: set
appsite-go/internal/services/form/submission.go:17.59,18.15 1 1
appsite-go/internal/services/form/submission.go:18.15,20.3 1 1
appsite-go/internal/services/form/submission.go:21.2,24.3 1 1
appsite-go/internal/services/form/submission.go:28.63,32.2 3 1
appsite-go/internal/services/form/submission.go:35.68,37.14 2 1
appsite-go/internal/services/form/submission.go:37.14,39.3 1 1
appsite-go/internal/services/form/submission.go:41.2,45.17 2 1
appsite-go/internal/services/form/submission.go:45.18,48.3 0 1
appsite-go/internal/services/form/submission.go:50.2,50.18 1 1
appsite-go/internal/services/form/submission.go:54.69,56.18 2 1
appsite-go/internal/services/form/submission.go:56.18,58.3 1 0
appsite-go/internal/services/form/submission.go:59.2,59.40 1 1
appsite-go/internal/services/form/submission.go:63.115,71.18 2 1
appsite-go/internal/services/form/submission.go:71.18,73.3 1 0
appsite-go/internal/services/form/submission.go:75.2,79.25 4 1
appsite-go/internal/services/form/entity/request.go:24.35,26.2 1 1
appsite-go/internal/services/shieldword/filter.go:25.39,26.15 1 1
appsite-go/internal/services/shieldword/filter.go:26.15,28.3 1 1
appsite-go/internal/services/shieldword/filter.go:29.2,32.3 1 1
appsite-go/internal/services/shieldword/filter.go:36.33,39.63 2 1
appsite-go/internal/services/shieldword/filter.go:39.63,42.3 2 1
appsite-go/internal/services/shieldword/filter.go:43.2,49.63 4 1
appsite-go/internal/services/shieldword/filter.go:49.63,51.3 1 0
appsite-go/internal/services/shieldword/filter.go:53.2,54.79 2 1
appsite-go/internal/services/shieldword/filter.go:54.79,57.3 2 0
appsite-go/internal/services/shieldword/filter.go:59.2,60.26 2 1
appsite-go/internal/services/shieldword/filter.go:60.26,62.3 1 1
appsite-go/internal/services/shieldword/filter.go:63.2,63.26 1 1
appsite-go/internal/services/shieldword/filter.go:67.51,69.17 2 1
appsite-go/internal/services/shieldword/filter.go:69.17,73.3 3 1
appsite-go/internal/services/shieldword/filter.go:74.2,74.18 1 1
appsite-go/internal/services/shieldword/filter.go:78.43,80.17 2 0
appsite-go/internal/services/shieldword/filter.go:80.17,84.3 3 0
appsite-go/internal/services/shieldword/filter.go:85.2,85.18 1 0
appsite-go/internal/services/shieldword/filter.go:89.46,94.31 4 1
appsite-go/internal/services/shieldword/filter.go:94.31,95.38 1 1
appsite-go/internal/services/shieldword/filter.go:95.38,97.4 1 1
appsite-go/internal/services/shieldword/filter.go:99.2,99.14 1 1
appsite-go/internal/services/shieldword/filter.go:103.50,108.31 4 1
appsite-go/internal/services/shieldword/filter.go:108.31,109.17 1 1
appsite-go/internal/services/shieldword/filter.go:109.17,110.12 1 0
appsite-go/internal/services/shieldword/filter.go:112.3,113.52 2 1
appsite-go/internal/services/shieldword/filter.go:115.2,115.16 1 1
appsite-go/internal/services/shieldword/entity/word.go:17.32,19.2 1 1
appsite-go/internal/services/relation/relation.go:19.39,20.15 1 1
appsite-go/internal/services/relation/relation.go:20.15,22.3 1 1
appsite-go/internal/services/relation/relation.go:23.2,26.3 1 1
appsite-go/internal/services/relation/relation.go:30.87,36.16 3 1
appsite-go/internal/services/relation/relation.go:36.16,38.3 1 0
appsite-go/internal/services/relation/relation.go:39.2,39.45 1 1
appsite-go/internal/services/relation/relation.go:39.45,41.3 1 0
appsite-go/internal/services/relation/relation.go:43.2,51.30 2 1
appsite-go/internal/services/relation/relation.go:55.89,58.2 1 1
appsite-go/internal/services/relation/relation.go:61.87,66.2 3 1
appsite-go/internal/services/relation/relation.go:69.72,73.2 3 1
appsite-go/internal/services/relation/relation.go:76.122,88.18 3 1
appsite-go/internal/services/relation/relation.go:88.18,90.3 1 0
appsite-go/internal/services/relation/relation.go:91.2,92.69 2 1
appsite-go/internal/services/relation/entity/relation.go:20.36,22.2 1 1
appsite-go/internal/services/message/notification.go:17.63,18.15 1 1
appsite-go/internal/services/message/notification.go:18.15,20.3 1 1
appsite-go/internal/services/message/notification.go:21.2,24.3 1 1
appsite-go/internal/services/message/notification.go:28.89,38.2 3 1
appsite-go/internal/services/message/notification.go:41.59,44.2 2 1
appsite-go/internal/services/message/notification.go:47.70,51.2 1 1
appsite-go/internal/services/message/notification.go:54.122,62.18 2 1
appsite-go/internal/services/message/notification.go:62.18,64.3 1 0
appsite-go/internal/services/message/notification.go:66.2,70.25 4 1
appsite-go/internal/services/message/notification.go:74.77,80.2 3 1
appsite-go/internal/services/message/entity/notification.go:24.40,26.2 1 1
appsite-go/internal/services/contents/article.go:17.53,18.15 1 1
appsite-go/internal/services/contents/article.go:18.15,20.3 1 1
appsite-go/internal/services/contents/article.go:21.2,24.3 1 1
appsite-go/internal/services/contents/article.go:28.64,31.2 2 1
appsite-go/internal/services/contents/article.go:34.82,37.2 2 1
appsite-go/internal/services/contents/article.go:40.50,43.2 2 1
appsite-go/internal/services/contents/article.go:46.66,48.18 2 1
appsite-go/internal/services/contents/article.go:48.18,50.3 1 1
appsite-go/internal/services/contents/article.go:51.2,51.40 1 1
appsite-go/internal/services/contents/article.go:55.112,71.18 2 1
appsite-go/internal/services/contents/article.go:71.18,73.3 1 0
appsite-go/internal/services/contents/article.go:75.2,79.25 4 1
appsite-go/internal/services/contents/article.go:83.57,85.2 1 1
appsite-go/internal/services/contents/banner.go:17.51,18.15 1 1
appsite-go/internal/services/contents/banner.go:18.15,20.3 1 1
appsite-go/internal/services/contents/banner.go:21.2,24.3 1 1
appsite-go/internal/services/contents/banner.go:28.61,31.2 2 1
appsite-go/internal/services/contents/banner.go:34.81,37.2 2 1
appsite-go/internal/services/contents/banner.go:40.49,43.2 2 1
appsite-go/internal/services/contents/banner.go:46.64,48.18 2 1
appsite-go/internal/services/contents/banner.go:48.18,50.3 1 1
appsite-go/internal/services/contents/banner.go:51.2,51.39 1 1
appsite-go/internal/services/contents/banner.go:55.110,63.18 2 0
appsite-go/internal/services/contents/banner.go:63.18,65.3 1 0
appsite-go/internal/services/contents/banner.go:67.2,71.25 4 0
appsite-go/internal/services/contents/banner.go:75.57,77.2 1 1
appsite-go/internal/services/contents/banner.go:80.56,82.2 1 0
appsite-go/internal/services/contents/category.go:21.55,22.15 1 1
appsite-go/internal/services/contents/category.go:22.15,24.3 1 1
appsite-go/internal/services/contents/category.go:25.2,28.3 1 1
appsite-go/internal/services/contents/category.go:32.62,35.2 2 1
appsite-go/internal/services/contents/category.go:38.114,46.18 2 0
appsite-go/internal/services/contents/category.go:46.18,48.3 1 0
appsite-go/internal/services/contents/category.go:50.2,51.69 2 0
appsite-go/internal/services/contents/category.go:61.72,67.16 3 1
appsite-go/internal/services/contents/category.go:67.16,69.3 1 0
appsite-go/internal/services/contents/category.go:72.2,76.21 3 1
appsite-go/internal/services/contents/category.go:76.21,80.3 2 1
appsite-go/internal/services/contents/category.go:83.2,83.26 1 1
appsite-go/internal/services/contents/category.go:83.26,85.111 2 1
appsite-go/internal/services/contents/category.go:85.111,87.4 1 1
appsite-go/internal/services/contents/category.go:87.9,88.47 1 1
appsite-go/internal/services/contents/category.go:88.47,90.5 1 1
appsite-go/internal/services/contents/category.go:90.10,90.27 1 0
appsite-go/internal/services/contents/category.go:90.28,96.5 0 0
appsite-go/internal/services/contents/category.go:100.2,100.19 1 1
appsite-go/internal/services/contents/comment.go:17.53,18.15 1 1
appsite-go/internal/services/contents/comment.go:18.15,20.3 1 1
appsite-go/internal/services/contents/comment.go:21.2,24.3 1 1
appsite-go/internal/services/contents/comment.go:28.64,31.2 2 1
appsite-go/internal/services/contents/comment.go:34.82,37.2 2 1
appsite-go/internal/services/contents/comment.go:40.50,43.2 2 1
appsite-go/internal/services/contents/comment.go:46.66,48.18 2 1
appsite-go/internal/services/contents/comment.go:48.18,50.3 1 1
appsite-go/internal/services/contents/comment.go:51.2,51.40 1 1
appsite-go/internal/services/contents/comment.go:55.112,63.18 2 0
appsite-go/internal/services/contents/comment.go:63.18,65.3 1 0
appsite-go/internal/services/contents/comment.go:67.2,71.25 4 0
appsite-go/internal/services/contents/media.go:17.49,18.15 1 1
appsite-go/internal/services/contents/media.go:18.15,20.3 1 1
appsite-go/internal/services/contents/media.go:21.2,24.3 1 1
appsite-go/internal/services/contents/media.go:28.58,31.2 2 1
appsite-go/internal/services/contents/media.go:34.80,37.2 2 1
appsite-go/internal/services/contents/media.go:40.48,43.2 2 1
appsite-go/internal/services/contents/media.go:46.62,48.18 2 1
appsite-go/internal/services/contents/media.go:48.18,50.3 1 1
appsite-go/internal/services/contents/media.go:51.2,51.38 1 1
appsite-go/internal/services/contents/media.go:55.108,63.18 2 0
appsite-go/internal/services/contents/media.go:63.18,65.3 1 0
appsite-go/internal/services/contents/media.go:67.2,71.25 4 0
appsite-go/internal/services/contents/page.go:17.47,18.15 1 1
appsite-go/internal/services/contents/page.go:18.15,20.3 1 1
appsite-go/internal/services/contents/page.go:21.2,24.3 1 1
appsite-go/internal/services/contents/page.go:28.55,31.2 2 1
appsite-go/internal/services/contents/page.go:34.79,37.2 2 1
appsite-go/internal/services/contents/page.go:40.47,43.2 2 1
appsite-go/internal/services/contents/page.go:46.60,48.18 2 1
appsite-go/internal/services/contents/page.go:48.18,50.3 1 1
appsite-go/internal/services/contents/page.go:51.2,51.37 1 1
appsite-go/internal/services/contents/page.go:55.70,57.74 2 1
appsite-go/internal/services/contents/page.go:57.74,59.3 1 0
appsite-go/internal/services/contents/page.go:60.2,60.19 1 1
appsite-go/internal/services/contents/page.go:64.106,72.18 2 0
appsite-go/internal/services/contents/page.go:72.18,74.3 1 0
appsite-go/internal/services/contents/page.go:76.2,80.25 4 0
appsite-go/internal/services/contents/page.go:84.54,86.2 1 1
appsite-go/internal/services/contents/tag.go:17.45,18.15 1 1
appsite-go/internal/services/contents/tag.go:18.15,20.3 1 1
appsite-go/internal/services/contents/tag.go:21.2,24.3 1 1
appsite-go/internal/services/contents/tag.go:28.52,31.2 2 1
appsite-go/internal/services/contents/tag.go:34.78,37.2 2 1
appsite-go/internal/services/contents/tag.go:40.46,43.2 2 1
appsite-go/internal/services/contents/tag.go:46.58,48.18 2 1
appsite-go/internal/services/contents/tag.go:48.18,50.3 1 1
appsite-go/internal/services/contents/tag.go:51.2,51.36 1 1
appsite-go/internal/services/contents/tag.go:55.104,63.18 2 0
appsite-go/internal/services/contents/tag.go:63.18,65.3 1 0
appsite-go/internal/services/contents/tag.go:67.2,71.25 4 0
appsite-go/internal/services/contents/entity/article.go:34.35,36.2 1 1
appsite-go/internal/services/contents/entity/banner.go:23.34,25.2 1 1
appsite-go/internal/services/contents/entity/category.go:28.36,30.2 1 1
appsite-go/internal/services/contents/entity/comment.go:23.35,25.2 1 1
appsite-go/internal/services/contents/entity/media.go:26.33,28.2 1 1
appsite-go/internal/services/contents/entity/page.go:23.32,25.2 1 1
appsite-go/internal/services/contents/entity/tag.go:22.31,24.2 1 1
