mode: set
appsite-go/internal/services/user/entity/extension.go:41.36,43.2 1 1
appsite-go/internal/services/user/entity/extension.go:62.37,64.2 1 1
appsite-go/internal/services/user/entity/extension.go:82.42,84.2 1 1
appsite-go/internal/services/user/entity/user.go:31.32,33.2 1 0
appsite-go/internal/services/user/group/role.go:18.39,22.2 1 1
appsite-go/internal/services/user/group/role.go:24.83,32.2 3 1
appsite-go/internal/services/user/group/role.go:34.54,37.18 2 1
appsite-go/internal/services/user/group/role.go:37.18,39.3 1 0
appsite-go/internal/services/user/group/role.go:40.2,41.47 2 1
appsite-go/internal/services/user/info/profile.go:23.39,28.2 1 1
appsite-go/internal/services/user/info/profile.go:31.83,34.16 3 1
appsite-go/internal/services/user/info/profile.go:34.16,35.45 1 1
appsite-go/internal/services/user/info/profile.go:35.45,38.4 2 1
appsite-go/internal/services/user/info/profile.go:39.3,39.13 1 0
appsite-go/internal/services/user/info/profile.go:41.2,41.46 1 1
appsite-go/internal/services/user/info/profile.go:45.71,47.71 2 1
appsite-go/internal/services/user/info/profile.go:47.71,49.3 1 1
appsite-go/internal/services/user/info/profile.go:50.2,50.19 1 1
appsite-go/internal/services/user/preference/settings.go:19.39,24.2 1 1
appsite-go/internal/services/user/preference/settings.go:27.66,31.16 3 1
appsite-go/internal/services/user/preference/settings.go:31.16,34.3 1 1
appsite-go/internal/services/user/preference/settings.go:36.2,36.35 1 1
appsite-go/internal/services/user/preference/settings.go:36.35,44.3 1 1
appsite-go/internal/services/user/preference/settings.go:46.2,46.12 1 0
appsite-go/internal/services/user/preference/settings.go:50.59,53.16 3 1
appsite-go/internal/services/user/preference/settings.go:53.16,55.3 1 1
appsite-go/internal/services/user/preference/settings.go:56.2,56.26 1 1
